[setup] creating subread-env with mamba
Transaction

  Prefix: /sciclone/home/mrwood01/.conda/envs/subread-env

  Updating specs:

   - subread
   - bowtie2
   - samtools


  Package                  Version  Build               Channel           Size
────────────────────────────────────────────────────────────────────────────────
  Install:
────────────────────────────────────────────────────────────────────────────────

  + libgomp                 15.2.0  h767d61c_7          conda-forge     Cached
  + _libgcc_mutex              0.1  conda_forge         conda-forge     Cached
  + _openmp_mutex              4.5  2_gnu               conda-forge     Cached
  + libgcc                  15.2.0  h767d61c_7          conda-forge     Cached
  + libmpdec                 4.0.0  hb9d3cd8_0          conda-forge     Cached
  + keyutils                 1.6.3  hb9d3cd8_0          conda-forge     Cached
  + libuuid                 2.41.2  he9a06e4_0          conda-forge     Cached
  + libffi                   3.5.2  h9ec8514_0          conda-forge     Cached
  + libexpat                 2.7.1  hecca717_0          conda-forge     Cached
  + liblzma                  5.8.1  hb9d3cd8_2          conda-forge     Cached
  + libdeflate                1.25  h17f619e_0          conda-forge       73kB
  + c-ares                  1.34.5  hb9d3cd8_0          conda-forge     Cached
  + libgcc-ng               15.2.0  h69a702a_7          conda-forge     Cached
  + bzip2                    1.0.8  hda65f42_8          conda-forge     Cached
  + ncurses                    6.5  h2d0b736_3          conda-forge     Cached
  + libzlib                  1.3.1  hb9d3cd8_2          conda-forge     Cached
  + libstdcxx               15.2.0  h8f9b012_7          conda-forge     Cached
  + libev                     4.33  hd590300_2          conda-forge     Cached
  + libxcrypt               4.4.36  hd590300_1          conda-forge     Cached
  + libedit           3.1.20250104  pl5321h7949ede_0    conda-forge     Cached
  + readline                   8.2  h8c095d6_2          conda-forge     Cached
  + tk                      8.6.13  noxft_ha0e22de_103  conda-forge        3MB
  + zstd                     1.5.7  hb8e6e7a_2          conda-forge     Cached
  + libstdcxx-ng            15.2.0  h4852527_7          conda-forge     Cached
  + perl                    5.32.1  7_hd590300_perl5    conda-forge     Cached
  + ld_impl_linux-64          2.45  h1aa0949_0          conda-forge      754kB
  + icu                       75.1  he02047a_0          conda-forge     Cached
  + libsqlite               3.51.0  hee844dc_0          conda-forge      946kB
  + python_abi                3.14  8_cp314             conda-forge        7kB
  + tzdata                   2025b  h78e105d_0          conda-forge     Cached
  + ca-certificates     2025.11.12  hbd8a1cb_0          conda-forge      152kB
  + subread                  2.1.1  h577a1d6_0          bioconda          25MB
  + openssl                  3.6.0  h26f9b46_0          conda-forge        3MB
  + libssh2                 1.11.1  hcf80075_0          conda-forge     Cached
  + python                  3.14.0  h32b2ec7_102_cp314  conda-forge       37MB
  + libnghttp2              1.67.0  had1ee68_0          conda-forge     Cached
  + krb5                    1.21.3  h659f571_0          conda-forge     Cached
  + libcurl                 8.17.0  h4e3cde8_0          conda-forge      460kB
  + pip                       25.3  pyh145f28c_0        conda-forge        1MB
  + htslib                  1.22.1  h566b1c6_0          bioconda        Cached
  + bowtie2                  2.5.4  he96a11b_6          bioconda        Cached
  + samtools                1.22.1  h96c455f_0          bioconda        Cached

  Summary:

  Install: 42 packages

  Total download: 72MB

────────────────────────────────────────────────────────────────────────────────



Looking for: ['subread', 'bowtie2', 'samtools']


Downloading and Extracting Packages: ...working... done
Preparing transaction: ...working... done
Verifying transaction: ...working... done
Executing transaction: ...working... done

To activate this environment, use

     $ mamba activate subread-env

To deactivate an active environment, use

     $ mamba deactivate

[sample] ERR10880494
  [index] bowtie2-build /sciclone/home/mrwood01/scr10/BIOCOMPUTING/lessons/lesson_08/contigs/ERR10880494/contigs.fasta
Settings:
  Output files: "/sciclone/home/mrwood01/scr10/BIOCOMPUTING/lessons/lesson_08/contigs/ERR10880494/contigs.fasta.*.bt2"
  Line rate: 6 (line is 64 bytes)
  Lines per side: 1 (side is 64 bytes)
  Offset rate: 4 (one in 16)
  FTable chars: 10
  Strings: unpacked
  Max bucket size: default
  Max bucket size, sqrt multiplier: default
  Max bucket size, len divisor: 4
  Difference-cover sample period: 1024
  Endianness: little
  Actual local endianness: little
  Sanity checking: disabled
  Assertions: disabled
  Random seed: 0
  Sizeofs: void*:8, int:4, long:8, size_t:8
Input files DNA, FASTA:
  /sciclone/home/mrwood01/scr10/BIOCOMPUTING/lessons/lesson_08/contigs/ERR10880494/contigs.fasta
Reading reference sizes
  Time reading reference sizes: 00:00:01
Calculating joined length
Writing header
Reserving space for joined string
Joining reference sequences
  Time to join reference sequences: 00:00:00
bmax according to bmaxDivN setting: 17065580
Using parameters --bmax 12799185 --dcv 1024
  Doing ahead-of-time memory usage test
  Passed!  Constructing with these parameters: --bmax 12799185 --dcv 1024
Constructing suffix-array element generator
Building DifferenceCoverSample
  Building sPrime
  Building sPrimeOrder
  V-Sorting samples
  V-Sorting samples time: 00:00:01
  Allocating rank array
  Ranking v-sort output
  Ranking v-sort output time: 00:00:00
  Invoking Larsson-Sadakane on ranks
  Invoking Larsson-Sadakane on ranks time: 00:00:01
  Sanity-checking and returning
Building samples
Reserving space for 12 sample suffixes
Generating random suffixes
QSorting 12 sample offsets, eliminating duplicates
QSorting sample offsets, eliminating duplicates time: 00:00:00
Multikey QSorting 12 samples
  (Using difference cover)
  Multikey QSorting samples time: 00:00:00
Calculating bucket sizes
Splitting and merging
  Splitting and merging time: 00:00:00
Split 1, merged 7; iterating...
Splitting and merging
  Splitting and merging time: 00:00:00
Split 1, merged 1; iterating...
Splitting and merging
  Splitting and merging time: 00:00:00
Avg bucket size: 1.13771e+07 (target: 12799184)
Converting suffix-array elements to index image
Allocating ftab, absorbFtab
Entering Ebwt loop
Getting block 1 of 6
  Reserving size (12799185) for bucket 1
  Calculating Z arrays for bucket 1
  Entering block accumulator loop for bucket 1:
  bucket 1: 10%
  bucket 1: 20%
  bucket 1: 30%
  bucket 1: 40%
  bucket 1: 50%
  bucket 1: 60%
  bucket 1: 70%
  bucket 1: 80%
  bucket 1: 90%
  bucket 1: 100%
  Sorting block of length 11898956 for bucket 1
  (Using difference cover)
  Sorting block time: 00:00:02
Returning block of 11898957 for bucket 1
Getting block 2 of 6
  Reserving size (12799185) for bucket 2
  Calculating Z arrays for bucket 2
  Entering block accumulator loop for bucket 2:
  bucket 2: 10%
  bucket 2: 20%
  bucket 2: 30%
  bucket 2: 40%
  bucket 2: 50%
  bucket 2: 60%
  bucket 2: 70%
  bucket 2: 80%
  bucket 2: 90%
  bucket 2: 100%
  Sorting block of length 12251049 for bucket 2
  (Using difference cover)
  Sorting block time: 00:00:02
Returning block of 12251050 for bucket 2
Getting block 3 of 6
  Reserving size (12799185) for bucket 3
  Calculating Z arrays for bucket 3
  Entering block accumulator loop for bucket 3:
  bucket 3: 10%
  bucket 3: 20%
  bucket 3: 30%
  bucket 3: 40%
  bucket 3: 50%
  bucket 3: 60%
  bucket 3: 70%
  bucket 3: 80%
  bucket 3: 90%
  bucket 3: 100%
  Sorting block of length 10939135 for bucket 3
  (Using difference cover)
  Sorting block time: 00:00:02
Returning block of 10939136 for bucket 3
Getting block 4 of 6
  Reserving size (12799185) for bucket 4
  Calculating Z arrays for bucket 4
  Entering block accumulator loop for bucket 4:
  bucket 4: 10%
  bucket 4: 20%
  bucket 4: 30%
  bucket 4: 40%
  bucket 4: 50%
  bucket 4: 60%
  bucket 4: 70%
  bucket 4: 80%
  bucket 4: 90%
  bucket 4: 100%
  Sorting block of length 8275719 for bucket 4
  (Using difference cover)
  Sorting block time: 00:00:01
Returning block of 8275720 for bucket 4
Getting block 5 of 6
  Reserving size (12799185) for bucket 5
  Calculating Z arrays for bucket 5
  Entering block accumulator loop for bucket 5:
  bucket 5: 10%
  bucket 5: 20%
  bucket 5: 30%
  bucket 5: 40%
  bucket 5: 50%
  bucket 5: 60%
  bucket 5: 70%
  bucket 5: 80%
  bucket 5: 90%
  bucket 5: 100%
  Sorting block of length 12289872 for bucket 5
  (Using difference cover)
  Sorting block time: 00:00:02
Returning block of 12289873 for bucket 5
Getting block 6 of 6
  Reserving size (12799185) for bucket 6
  Calculating Z arrays for bucket 6
  Entering block accumulator loop for bucket 6:
  bucket 6: 10%
  bucket 6: 20%
  bucket 6: 30%
  bucket 6: 40%
  bucket 6: 50%
  bucket 6: 60%
  bucket 6: 70%
  bucket 6: 80%
  bucket 6: 90%
  bucket 6: 100%
  Sorting block of length 12607584 for bucket 6
  (Using difference cover)
  Sorting block time: 00:00:02
Returning block of 12607585 for bucket 6
Exited Ebwt loop
fchr[A]: 0
fchr[C]: 14405761
fchr[G]: 33903669
fchr[T]: 53533623
fchr[$]: 68262320
Exiting Ebwt::buildToDisk()
Returning from initFromVector
Wrote 34303607 bytes to primary EBWT file: /sciclone/home/mrwood01/scr10/BIOCOMPUTING/lessons/lesson_08/contigs/ERR10880494/contigs.fasta.1.bt2.tmp
Wrote 17065588 bytes to secondary EBWT file: /sciclone/home/mrwood01/scr10/BIOCOMPUTING/lessons/lesson_08/contigs/ERR10880494/contigs.fasta.2.bt2.tmp
Re-opening _in1 and _in2 as input streams
Returning from Ebwt constructor
Headers:
    len: 68262320
    bwtLen: 68262321
    sz: 17065580
    bwtSz: 17065581
    lineRate: 6
    offRate: 4
    offMask: 0xfffffff0
    ftabChars: 10
    eftabLen: 20
    eftabSz: 80
    ftabLen: 1048577
    ftabSz: 4194308
    offsLen: 4266396
    offsSz: 17065584
    lineSz: 64
    sideSz: 64
    sideBwtSz: 48
    sideBwtLen: 192
    numSides: 355533
    numLines: 355533
    ebwtTotLen: 22754112
    ebwtTotSz: 22754112
    color: 0
    reverse: 0
Total time for call to driver() for forward index: 00:00:32
Reading reference sizes
  Time reading reference sizes: 00:00:01
Calculating joined length
Writing header
Reserving space for joined string
Joining reference sequences
  Time to join reference sequences: 00:00:00
  Time to reverse reference sequence: 00:00:00
bmax according to bmaxDivN setting: 17065580
Using parameters --bmax 12799185 --dcv 1024
  Doing ahead-of-time memory usage test
  Passed!  Constructing with these parameters: --bmax 12799185 --dcv 1024
Constructing suffix-array element generator
Building DifferenceCoverSample
  Building sPrime
  Building sPrimeOrder
  V-Sorting samples
  V-Sorting samples time: 00:00:01
  Allocating rank array
  Ranking v-sort output
  Ranking v-sort output time: 00:00:00
  Invoking Larsson-Sadakane on ranks
  Invoking Larsson-Sadakane on ranks time: 00:00:01
  Sanity-checking and returning
Building samples
Reserving space for 12 sample suffixes
Generating random suffixes
QSorting 12 sample offsets, eliminating duplicates
QSorting sample offsets, eliminating duplicates time: 00:00:00
Multikey QSorting 12 samples
  (Using difference cover)
  Multikey QSorting samples time: 00:00:00
Calculating bucket sizes
Splitting and merging
  Splitting and merging time: 00:00:00
Avg bucket size: 9.75176e+06 (target: 12799184)
Converting suffix-array elements to index image
Allocating ftab, absorbFtab
Entering Ebwt loop
Getting block 1 of 7
  Reserving size (12799185) for bucket 1
  Calculating Z arrays for bucket 1
  Entering block accumulator loop for bucket 1:
  bucket 1: 10%
  bucket 1: 20%
  bucket 1: 30%
  bucket 1: 40%
  bucket 1: 50%
  bucket 1: 60%
  bucket 1: 70%
  bucket 1: 80%
  bucket 1: 90%
  bucket 1: 100%
  Sorting block of length 8865366 for bucket 1
  (Using difference cover)
  Sorting block time: 00:00:01
Returning block of 8865367 for bucket 1
Getting block 2 of 7
  Reserving size (12799185) for bucket 2
  Calculating Z arrays for bucket 2
  Entering block accumulator loop for bucket 2:
  bucket 2: 10%
  bucket 2: 20%
  bucket 2: 30%
  bucket 2: 40%
  bucket 2: 50%
  bucket 2: 60%
  bucket 2: 70%
  bucket 2: 80%
  bucket 2: 90%
  bucket 2: 100%
  Sorting block of length 8938163 for bucket 2
  (Using difference cover)
  Sorting block time: 00:00:01
Returning block of 8938164 for bucket 2
Getting block 3 of 7
  Reserving size (12799185) for bucket 3
  Calculating Z arrays for bucket 3
  Entering block accumulator loop for bucket 3:
  bucket 3: 10%
  bucket 3: 20%
  bucket 3: 30%
  bucket 3: 40%
  bucket 3: 50%
  bucket 3: 60%
  bucket 3: 70%
  bucket 3: 80%
  bucket 3: 90%
  bucket 3: 100%
  Sorting block of length 9186893 for bucket 3
  (Using difference cover)
  Sorting block time: 00:00:01
Returning block of 9186894 for bucket 3
Getting block 4 of 7
  Reserving size (12799185) for bucket 4
  Calculating Z arrays for bucket 4
  Entering block accumulator loop for bucket 4:
  bucket 4: 10%
  bucket 4: 20%
  bucket 4: 30%
  bucket 4: 40%
  bucket 4: 50%
  bucket 4: 60%
  bucket 4: 70%
  bucket 4: 80%
  bucket 4: 90%
  bucket 4: 100%
  Sorting block of length 11107763 for bucket 4
  (Using difference cover)
  Sorting block time: 00:00:02
Returning block of 11107764 for bucket 4
Getting block 5 of 7
  Reserving size (12799185) for bucket 5
  Calculating Z arrays for bucket 5
  Entering block accumulator loop for bucket 5:
  bucket 5: 10%
  bucket 5: 20%
  bucket 5: 30%
  bucket 5: 40%
  bucket 5: 50%
  bucket 5: 60%
  bucket 5: 70%
  bucket 5: 80%
  bucket 5: 90%
  bucket 5: 100%
  Sorting block of length 11306428 for bucket 5
  (Using difference cover)
  Sorting block time: 00:00:02
Returning block of 11306429 for bucket 5
Getting block 6 of 7
  Reserving size (12799185) for bucket 6
  Calculating Z arrays for bucket 6
  Entering block accumulator loop for bucket 6:
  bucket 6: 10%
  bucket 6: 20%
  bucket 6: 30%
  bucket 6: 40%
  bucket 6: 50%
  bucket 6: 60%
  bucket 6: 70%
  bucket 6: 80%
  bucket 6: 90%
  bucket 6: 100%
  Sorting block of length 10972332 for bucket 6
  (Using difference cover)
  Sorting block time: 00:00:02
Returning block of 10972333 for bucket 6
Getting block 7 of 7
  Reserving size (12799185) for bucket 7
  Calculating Z arrays for bucket 7
  Entering block accumulator loop for bucket 7:
  bucket 7: 10%
  bucket 7: 20%
  bucket 7: 30%
  bucket 7: 40%
  bucket 7: 50%
  bucket 7: 60%
  bucket 7: 70%
  bucket 7: 80%
  bucket 7: 90%
  bucket 7: 100%
  Sorting block of length 7885369 for bucket 7
  (Using difference cover)
  Sorting block time: 00:00:01
Returning block of 7885370 for bucket 7
Exited Ebwt loop
fchr[A]: 0
fchr[C]: 14405761
fchr[G]: 33903669
fchr[T]: 53533623
fchr[$]: 68262320
Exiting Ebwt::buildToDisk()
Returning from initFromVector
Wrote 34303607 bytes to primary EBWT file: /sciclone/home/mrwood01/scr10/BIOCOMPUTING/lessons/lesson_08/contigs/ERR10880494/contigs.fasta.rev.1.bt2.tmp
Wrote 17065588 bytes to secondary EBWT file: /sciclone/home/mrwood01/scr10/BIOCOMPUTING/lessons/lesson_08/contigs/ERR10880494/contigs.fasta.rev.2.bt2.tmp
Re-opening _in1 and _in2 as input streams
Returning from Ebwt constructor
Headers:
    len: 68262320
    bwtLen: 68262321
    sz: 17065580
    bwtSz: 17065581
    lineRate: 6
    offRate: 4
    offMask: 0xfffffff0
    ftabChars: 10
    eftabLen: 20
    eftabSz: 80
    ftabLen: 1048577
    ftabSz: 4194308
    offsLen: 4266396
    offsSz: 17065584
    lineSz: 64
    sideSz: 64
    sideBwtSz: 48
    sideBwtLen: 192
    numSides: 355533
    numLines: 355533
    ebwtTotLen: 22754112
    ebwtTotSz: 22754112
    color: 0
    reverse: 1
Total time for backward call to driver() for mirror index: 00:00:29
  [map] mapping reads
  [featureCounts] counting reads per CDS (locus_tag)
  [TPM] calculating TPM
  [done] /sciclone/home/mrwood01/scr10/BIOCOMPUTING/lessons/lesson_08/coverm/ERR10880494_gene_tpm.tsv
  [done] /sciclone/home/mrwood01/scr10/BIOCOMPUTING/lessons/lesson_08/coverm/ERR10880494_gene_tpm.tsv
  [join] adding coverage columns to annotation TSV
  [done] /sciclone/home/mrwood01/scr10/BIOCOMPUTING/lessons/lesson_08/annotations/ERR10880494/ERR10880494.with_cov.tsv
