Archive:  /sciclone/home/mrwood01/scr10/BIOCOMPUTING/assignments/assignment_07/data/dog_reference/dog.zip
  inflating: /sciclone/home/mrwood01/scr10/BIOCOMPUTING/assignments/assignment_07/data/dog_reference/README.md  
  inflating: /sciclone/home/mrwood01/scr10/BIOCOMPUTING/assignments/assignment_07/data/dog_reference/ncbi_dataset/data/assembly_data_report.jsonl  
  inflating: /sciclone/home/mrwood01/scr10/BIOCOMPUTING/assignments/assignment_07/data/dog_reference/ncbi_dataset/data/GCF_011100685.1/GCF_011100685.1_UU_Cfam_GSD_1.0_genomic.fna  
  inflating: /sciclone/home/mrwood01/scr10/BIOCOMPUTING/assignments/assignment_07/data/dog_reference/ncbi_dataset/data/dataset_catalog.json  
  inflating: /sciclone/home/mrwood01/scr10/BIOCOMPUTING/assignments/assignment_07/data/dog_reference/md5sum.txt  
/sciclone/home/mrwood01/scr10/BIOCOMPUTING/assignments/assignment_07/data/raw/SRR27117388_1.fastq
/sciclone/home/mrwood01/scr10/BIOCOMPUTING/assignments/assignment_07/data/raw/SRR27117388_2.fastq
/sciclone/home/mrwood01/scr10/BIOCOMPUTING/assignments/assignment_07/data/raw/SRR27117389_1.fastq
/sciclone/home/mrwood01/scr10/BIOCOMPUTING/assignments/assignment_07/data/raw/SRR27117389_2.fastq
/sciclone/home/mrwood01/scr10/BIOCOMPUTING/assignments/assignment_07/data/raw/SRR27117390_1.fastq
/sciclone/home/mrwood01/scr10/BIOCOMPUTING/assignments/assignment_07/data/raw/SRR27117390_2.fastq
/sciclone/home/mrwood01/scr10/BIOCOMPUTING/assignments/assignment_07/data/raw/SRR27117391_1.fastq
/sciclone/home/mrwood01/scr10/BIOCOMPUTING/assignments/assignment_07/data/raw/SRR27117391_2.fastq
/sciclone/home/mrwood01/scr10/BIOCOMPUTING/assignments/assignment_07/data/raw/SRR27117392_1.fastq
/sciclone/home/mrwood01/scr10/BIOCOMPUTING/assignments/assignment_07/data/raw/SRR27117392_2.fastq
/sciclone/home/mrwood01/scr10/BIOCOMPUTING/assignments/assignment_07/data/raw/SRR27117393_1.fastq
/sciclone/home/mrwood01/scr10/BIOCOMPUTING/assignments/assignment_07/data/raw/SRR27117393_2.fastq
/sciclone/home/mrwood01/scr10/BIOCOMPUTING/assignments/assignment_07/data/raw/SRR27117394_1.fastq
/sciclone/home/mrwood01/scr10/BIOCOMPUTING/assignments/assignment_07/data/raw/SRR27117394_2.fastq
/sciclone/home/mrwood01/scr10/BIOCOMPUTING/assignments/assignment_07/data/raw/SRR27117395_1.fastq
/sciclone/home/mrwood01/scr10/BIOCOMPUTING/assignments/assignment_07/data/raw/SRR27117395_2.fastq
/sciclone/home/mrwood01/scr10/BIOCOMPUTING/assignments/assignment_07/data/raw/SRR27117396_1.fastq
/sciclone/home/mrwood01/scr10/BIOCOMPUTING/assignments/assignment_07/data/raw/SRR27117396_2.fastq
/sciclone/home/mrwood01/scr10/BIOCOMPUTING/assignments/assignment_07/data/raw/SRR27117397_1.fastq
/sciclone/home/mrwood01/scr10/BIOCOMPUTING/assignments/assignment_07/data/raw/SRR27117397_2.fastq
